<?xml version="1.0" encoding="UTF-8"?>
<testng-results ignored="0" total="1" passed="1" failed="0" skipped="0">
  <reporter-output>
  </reporter-output>
  <suite started-at="2022-06-19T05:31:23 BDT" name="Default suite" finished-at="2022-06-19T05:31:55 BDT" duration-ms="32089">
    <groups>
    </groups>
    <test started-at="2022-06-19T05:31:23 BDT" name="Default test" finished-at="2022-06-19T05:31:55 BDT" duration-ms="32089">
      <class name="test_case.Get_Password">
        <test-method is-config="true" signature="setDriver()[pri:0, instance:test_case.Get_Password@7c711375]" started-at="2022-06-19T05:31:22 BDT" name="setDriver" finished-at="2022-06-19T05:31:23 BDT" duration-ms="1466" status="PASS">
          <reporter-output>
          </reporter-output>
        </test-method> <!-- setDriver -->
        <test-method signature="locatorLearnning()[pri:0, instance:test_case.Get_Password@7c711375]" started-at="2022-06-19T05:31:23 BDT" name="locatorLearnning" finished-at="2022-06-19T05:31:55 BDT" duration-ms="32071" status="PASS">
          <reporter-output>
          </reporter-output>
        </test-method> <!-- locatorLearnning -->
        <test-method is-config="true" signature="closeWindows()[pri:0, instance:test_case.Get_Password@7c711375]" started-at="2022-06-19T05:31:55 BDT" name="closeWindows" finished-at="2022-06-19T05:31:55 BDT" duration-ms="36" status="PASS">
          <reporter-output>
          </reporter-output>
        </test-method> <!-- closeWindows -->
      </class> <!-- test_case.Get_Password -->
    </test> <!-- Default test -->
  </suite> <!-- Default suite -->
</testng-results>
